0 verbose cli E:\Program Files\nodejs\node.exe E:\Program Files\nodejs\node_modules\npm\bin\npm-cli.js
1 info using npm@11.16.0
2 info using node@v24.18.0
3 silly config load:file:E:\Program Files\nodejs\node_modules\npm\npmrc
4 silly config load:file:E:\rotary-os\app\.npmrc
5 silly config load:file:C:\Users\yijan\.npmrc
6 silly config load:file:C:\Users\yijan\AppData\Roaming\npm\etc\npmrc
7 verbose title npm install html2pdf.js
8 verbose argv "install" "html2pdf.js"
9 verbose logfile logs-max:10 dir:E:\rotary-os\app\.npm-cache\_logs\2026-07-08T02_06_24_369Z-
10 verbose logfile E:\rotary-os\app\.npm-cache\_logs\2026-07-08T02_06_24_369Z-debug-0.log
11 silly logfile done cleaning log files
12 silly packumentCache heap:2348810240 maxSize:587202560 maxEntrySize:293601280
13 silly idealTree buildDeps
14 silly fetch manifest html2pdf.js@*
15 silly packumentCache full:https://registry.npmjs.org/html2pdf.js cache-miss
16 http fetch GET 200 https://registry.npmjs.org/npm 938ms
17 http fetch GET 200 https://registry.npmjs.org/html2pdf.js 326ms (cache miss)
18 silly packumentCache full:https://registry.npmjs.org/html2pdf.js set size:undefined disposed:false
19 silly placeDep ROOT html2pdf.js@0.14.0 OK for: app@0.1.0 want: *
20 silly fetch manifest dompurify@^3.3.1
21 silly packumentCache full:https://registry.npmjs.org/dompurify cache-miss
22 silly fetch manifest html2canvas@^1.0.0
23 silly packumentCache full:https://registry.npmjs.org/html2canvas cache-miss
24 silly fetch manifest jspdf@^4.0.0
25 silly packumentCache full:https://registry.npmjs.org/jspdf cache-miss
26 http fetch GET 200 https://registry.npmjs.org/html2canvas 73ms (cache miss)
27 silly packumentCache full:https://registry.npmjs.org/html2canvas set size:undefined disposed:false
28 http fetch GET 200 https://registry.npmjs.org/dompurify 94ms (cache miss)
29 silly packumentCache full:https://registry.npmjs.org/dompurify set size:undefined disposed:false
30 http fetch GET 200 https://registry.npmjs.org/jspdf 111ms (cache miss)
31 silly packumentCache full:https://registry.npmjs.org/jspdf set size:undefined disposed:false
32 silly placeDep ROOT dompurify@3.4.11 OK for: html2pdf.js@0.14.0 want: ^3.3.1
33 silly placeDep ROOT html2canvas@1.4.1 OK for: html2pdf.js@0.14.0 want: ^1.0.0
34 silly placeDep ROOT jspdf@4.2.1 OK for: html2pdf.js@0.14.0 want: ^4.0.0
35 silly fetch manifest @types/trusted-types@^2.0.7
36 silly packumentCache full:https://registry.npmjs.org/@types%2ftrusted-types cache-miss
37 silly fetch manifest css-line-break@^2.1.0
38 silly packumentCache full:https://registry.npmjs.org/css-line-break cache-miss
39 silly fetch manifest text-segmentation@^1.0.3
40 silly packumentCache full:https://registry.npmjs.org/text-segmentation cache-miss
41 silly fetch manifest @babel/runtime@^7.28.6
42 silly packumentCache full:https://registry.npmjs.org/@babel%2fruntime cache-miss
43 silly fetch manifest fflate@^0.8.1
44 silly packumentCache full:https://registry.npmjs.org/fflate cache-miss
45 silly fetch manifest fast-png@^6.2.0
46 silly packumentCache full:https://registry.npmjs.org/fast-png cache-miss
47 silly fetch manifest canvg@^3.0.11
48 silly packumentCache full:https://registry.npmjs.org/canvg cache-miss
49 http fetch GET 200 https://registry.npmjs.org/@types%2ftrusted-types 169ms (cache miss)
50 silly packumentCache full:https://registry.npmjs.org/@types%2ftrusted-types set size:undefined disposed:false
51 silly fetch manifest core-js@^3.6.0
52 silly packumentCache full:https://registry.npmjs.org/core-js cache-miss
53 http fetch GET 200 https://registry.npmjs.org/text-segmentation 191ms (cache miss)
54 silly packumentCache full:https://registry.npmjs.org/text-segmentation set size:undefined disposed:false
55 http fetch GET 200 https://registry.npmjs.org/css-line-break 198ms (cache miss)
56 silly packumentCache full:https://registry.npmjs.org/css-line-break set size:undefined disposed:false
57 http fetch GET 200 https://registry.npmjs.org/fast-png 253ms (cache miss)
58 silly packumentCache full:https://registry.npmjs.org/fast-png set size:undefined disposed:false
59 http fetch GET 200 https://registry.npmjs.org/canvg 271ms (cache miss)
60 silly packumentCache full:https://registry.npmjs.org/canvg set size:undefined disposed:false
61 http fetch GET 200 https://registry.npmjs.org/fflate 296ms (cache miss)
62 silly packumentCache full:https://registry.npmjs.org/fflate set size:undefined disposed:false
63 http fetch GET 200 https://registry.npmjs.org/core-js 137ms (cache miss)
64 silly packumentCache full:https://registry.npmjs.org/core-js set size:undefined disposed:false
65 http fetch GET 200 https://registry.npmjs.org/@babel%2fruntime 400ms (cache miss)
66 silly packumentCache full:https://registry.npmjs.org/@babel%2fruntime set size:undefined disposed:false
67 silly placeDep ROOT @types/trusted-types@2.0.7 OK for: dompurify@3.4.11 want: ^2.0.7
68 silly placeDep ROOT css-line-break@2.1.0 OK for: html2canvas@1.4.1 want: ^2.1.0
69 silly placeDep ROOT text-segmentation@1.0.3 OK for: html2canvas@1.4.1 want: ^1.0.3
70 silly fetch manifest utrie@^1.0.2
71 silly packumentCache full:https://registry.npmjs.org/utrie cache-miss
72 silly fetch manifest utrie@^1.0.2
73 silly packumentCache full:https://registry.npmjs.org/utrie cache-miss
74 http fetch GET 200 https://registry.npmjs.org/utrie 36ms (cache miss)
75 silly packumentCache full:https://registry.npmjs.org/utrie set size:undefined disposed:false
76 http fetch GET 200 https://registry.npmjs.org/utrie 46ms (cache miss)
77 silly packumentCache full:https://registry.npmjs.org/utrie set size:undefined disposed:false
78 silly placeDep ROOT utrie@1.0.2 OK for: css-line-break@2.1.0 want: ^1.0.2
79 silly fetch manifest base64-arraybuffer@^1.0.2
80 silly packumentCache full:https://registry.npmjs.org/base64-arraybuffer cache-miss
81 http fetch GET 200 https://registry.npmjs.org/base64-arraybuffer 43ms (cache miss)
82 silly packumentCache full:https://registry.npmjs.org/base64-arraybuffer set size:undefined disposed:false
83 silly placeDep ROOT @babel/runtime@7.29.7 OK for: jspdf@4.2.1 want: ^7.28.6
84 silly placeDep ROOT canvg@3.0.11 OK for: jspdf@4.2.1 want: ^3.0.11
85 silly placeDep ROOT core-js@3.49.0 OK for: jspdf@4.2.1 want: ^3.6.0
86 silly placeDep ROOT fast-png@6.4.0 OK for: jspdf@4.2.1 want: ^6.2.0
87 silly placeDep ROOT fflate@0.8.3 OK for: jspdf@4.2.1 want: ^0.8.1
88 silly fetch manifest raf@^3.4.1
89 silly packumentCache full:https://registry.npmjs.org/raf cache-miss
90 silly fetch manifest core-js@^3.8.3
91 silly packumentCache full:https://registry.npmjs.org/core-js cache-miss
92 silly fetch manifest rgbcolor@^1.0.1
93 silly packumentCache full:https://registry.npmjs.org/rgbcolor cache-miss
94 silly fetch manifest @types/raf@^3.4.0
95 silly packumentCache full:https://registry.npmjs.org/@types%2fraf cache-miss
96 silly fetch manifest svg-pathdata@^6.0.3
97 silly packumentCache full:https://registry.npmjs.org/svg-pathdata cache-miss
98 silly fetch manifest stackblur-canvas@^2.0.0
99 silly packumentCache full:https://registry.npmjs.org/stackblur-canvas cache-miss
100 silly fetch manifest regenerator-runtime@^0.13.7
101 silly packumentCache full:https://registry.npmjs.org/regenerator-runtime cache-miss
102 http cache https://registry.npmjs.org/core-js 90ms (cache hit)
103 silly packumentCache full:https://registry.npmjs.org/core-js set size:814557 disposed:false
104 silly fetch manifest pako@^2.1.0
105 silly packumentCache full:https://registry.npmjs.org/pako cache-miss
106 http fetch GET 200 https://registry.npmjs.org/rgbcolor 134ms (cache miss)
107 silly packumentCache full:https://registry.npmjs.org/rgbcolor set size:undefined disposed:false
108 silly fetch manifest iobuffer@^5.3.2
109 silly packumentCache full:https://registry.npmjs.org/iobuffer cache-miss
110 http fetch GET 200 https://registry.npmjs.org/regenerator-runtime 377ms (cache miss)
111 silly packumentCache full:https://registry.npmjs.org/regenerator-runtime set size:undefined disposed:false
112 silly fetch manifest @types/pako@^2.0.3
113 silly packumentCache full:https://registry.npmjs.org/@types%2fpako cache-miss
114 http fetch GET 200 https://registry.npmjs.org/raf 391ms (cache miss)
115 silly packumentCache full:https://registry.npmjs.org/raf set size:undefined disposed:false
116 http fetch GET 200 https://registry.npmjs.org/stackblur-canvas 388ms (cache miss)
117 silly packumentCache full:https://registry.npmjs.org/stackblur-canvas set size:undefined disposed:false
118 http fetch GET 200 https://registry.npmjs.org/svg-pathdata 393ms (cache miss)
119 silly packumentCache full:https://registry.npmjs.org/svg-pathdata set size:undefined disposed:false
120 http fetch GET 200 https://registry.npmjs.org/@types%2fraf 407ms (cache miss)
121 silly packumentCache full:https://registry.npmjs.org/@types%2fraf set size:undefined disposed:false
122 http fetch GET 200 https://registry.npmjs.org/iobuffer 270ms (cache miss)
123 silly packumentCache full:https://registry.npmjs.org/iobuffer set size:undefined disposed:false
124 http fetch GET 200 https://registry.npmjs.org/pako 306ms (cache miss)
125 silly packumentCache full:https://registry.npmjs.org/pako set size:undefined disposed:false
126 http fetch GET 200 https://registry.npmjs.org/@types%2fpako 59ms (cache miss)
127 silly packumentCache full:https://registry.npmjs.org/@types%2fpako set size:undefined disposed:false
128 silly placeDep ROOT @types/raf@3.4.3 OK for: canvg@3.0.11 want: ^3.4.0
129 silly placeDep ROOT raf@3.4.1 OK for: canvg@3.0.11 want: ^3.4.1
130 silly placeDep ROOT regenerator-runtime@0.13.11 OK for: canvg@3.0.11 want: ^0.13.7
131 silly placeDep ROOT rgbcolor@1.0.1 OK for: canvg@3.0.11 want: ^1.0.1
132 silly placeDep ROOT stackblur-canvas@2.7.0 OK for: canvg@3.0.11 want: ^2.0.0
133 silly placeDep ROOT svg-pathdata@6.0.3 OK for: canvg@3.0.11 want: ^6.0.3
134 silly fetch manifest performance-now@^2.1.0
135 silly packumentCache full:https://registry.npmjs.org/performance-now cache-miss
136 http fetch GET 200 https://registry.npmjs.org/performance-now 51ms (cache miss)
137 silly packumentCache full:https://registry.npmjs.org/performance-now set size:undefined disposed:false
138 silly placeDep ROOT @types/pako@2.0.4 OK for: fast-png@6.4.0 want: ^2.0.3
139 silly placeDep ROOT iobuffer@5.4.0 OK for: fast-png@6.4.0 want: ^5.3.2
140 silly placeDep ROOT pako@2.2.0 OK for: fast-png@6.4.0 want: ^2.1.0
141 silly placeDep ROOT performance-now@2.1.0 OK for: raf@3.4.1 want: ^2.1.0
142 silly placeDep ROOT base64-arraybuffer@1.0.2 OK for: utrie@1.0.2 want: ^1.0.2
143 silly reify moves {}
144 silly audit bulk request {
144 silly audit   '@alloc/quick-lru': [ '5.2.0' ],
144 silly audit   '@babel/code-frame': [ '7.29.7' ],
144 silly audit   '@babel/compat-data': [ '7.29.7' ],
144 silly audit   '@babel/core': [ '7.29.7' ],
144 silly audit   '@babel/generator': [ '7.29.7' ],
144 silly audit   '@babel/helper-compilation-targets': [ '7.29.7' ],
144 silly audit   '@babel/helper-globals': [ '7.29.7' ],
144 silly audit   '@babel/helper-module-imports': [ '7.29.7' ],
144 silly audit   '@babel/helper-module-transforms': [ '7.29.7' ],
144 silly audit   '@babel/helper-string-parser': [ '7.29.7' ],
144 silly audit   '@babel/helper-validator-identifier': [ '7.29.7' ],
144 silly audit   '@babel/helper-validator-option': [ '7.29.7' ],
144 silly audit   '@babel/helpers': [ '7.29.7' ],
144 silly audit   '@babel/parser': [ '7.29.7' ],
144 silly audit   '@babel/template': [ '7.29.7' ],
144 silly audit   '@babel/traverse': [ '7.29.7' ],
144 silly audit   '@babel/types': [ '7.29.7' ],
144 silly audit   '@emnapi/core': [ '1.10.0' ],
144 silly audit   '@emnapi/runtime': [ '1.11.2', '1.10.0' ],
144 silly audit   '@emnapi/wasi-threads': [ '1.2.1' ],
144 silly audit   '@eslint-community/eslint-utils': [ '4.9.1' ],
144 silly audit   'eslint-visitor-keys': [ '3.4.3', '5.0.1', '4.2.1' ],
144 silly audit   '@eslint-community/regexpp': [ '4.12.2' ],
144 silly audit   '@eslint/config-array': [ '0.21.2' ],
144 silly audit   '@eslint/config-helpers': [ '0.4.2' ],
144 silly audit   '@eslint/core': [ '0.17.0' ],
144 silly audit   '@eslint/eslintrc': [ '3.3.5' ],
144 silly audit   '@eslint/js': [ '9.39.4' ],
144 silly audit   '@eslint/object-schema': [ '2.1.7' ],
144 silly audit   '@eslint/plugin-kit': [ '0.4.1' ],
144 silly audit   '@humanfs/core': [ '0.19.2' ],
144 silly audit   '@humanfs/node': [ '0.16.8' ],
144 silly audit   '@humanfs/types': [ '0.15.0' ],
144 silly audit   '@humanwhocodes/module-importer': [ '1.0.1' ],
144 silly audit   '@humanwhocodes/retry': [ '0.4.3' ],
144 silly audit   '@img/colour': [ '1.1.0' ],
144 silly audit   '@img/sharp-darwin-arm64': [ '0.34.5' ],
144 silly audit   '@img/sharp-darwin-x64': [ '0.34.5' ],
144 silly audit   '@img/sharp-libvips-darwin-arm64': [ '1.2.4' ],
144 silly audit   '@img/sharp-libvips-darwin-x64': [ '1.2.4' ],
144 silly audit   '@img/sharp-libvips-linux-arm': [ '1.2.4' ],
144 silly audit   '@img/sharp-libvips-linux-arm64': [ '1.2.4' ],
144 silly audit   '@img/sharp-libvips-linux-ppc64': [ '1.2.4' ],
144 silly audit   '@img/sharp-libvips-linux-riscv64': [ '1.2.4' ],
144 silly audit   '@img/sharp-libvips-linux-s390x': [ '1.2.4' ],
144 silly audit   '@img/sharp-libvips-linux-x64': [ '1.2.4' ],
144 silly audit   '@img/sharp-libvips-linuxmusl-arm64': [ '1.2.4' ],
144 silly audit   '@img/sharp-libvips-linuxmusl-x64': [ '1.2.4' ],
144 silly audit   '@img/sharp-linux-arm': [ '0.34.5' ],
144 silly audit   '@img/sharp-linux-arm64': [ '0.34.5' ],
144 silly audit   '@img/sharp-linux-ppc64': [ '0.34.5' ],
144 silly audit   '@img/sharp-linux-riscv64': [ '0.34.5' ],
144 silly audit   '@img/sharp-linux-s390x': [ '0.34.5' ],
144 silly audit   '@img/sharp-linux-x64': [ '0.34.5' ],
144 silly audit   '@img/sharp-linuxmusl-arm64': [ '0.34.5' ],
144 silly audit   '@img/sharp-linuxmusl-x64': [ '0.34.5' ],
144 silly audit   '@img/sharp-wasm32': [ '0.34.5' ],
144 silly audit   '@img/sharp-win32-arm64': [ '0.34.5' ],
144 silly audit   '@img/sharp-win32-ia32': [ '0.34.5' ],
144 silly audit   '@img/sharp-win32-x64': [ '0.34.5' ],
144 silly audit   '@jridgewell/gen-mapping': [ '0.3.13' ],
144 silly audit   '@jridgewell/remapping': [ '2.3.5' ],
144 silly audit   '@jridgewell/resolve-uri': [ '3.1.2' ],
144 silly audit   '@jridgewell/sourcemap-codec': [ '1.5.5' ],
144 silly audit   '@jridgewell/trace-mapping': [ '0.3.31' ],
144 silly audit   '@napi-rs/wasm-runtime': [ '1.1.6' ],
144 silly audit   '@next/env': [ '16.2.10' ],
144 silly audit   '@next/eslint-plugin-next': [ '16.2.10' ],
144 silly audit   '@next/swc-darwin-arm64': [ '16.2.10' ],
144 silly audit   '@next/swc-darwin-x64': [ '16.2.10' ],
144 silly audit   '@next/swc-linux-arm64-gnu': [ '16.2.10' ],
144 silly audit   '@next/swc-linux-arm64-musl': [ '16.2.10' ],
144 silly audit   '@next/swc-linux-x64-gnu': [ '16.2.10' ],
144 silly audit   '@next/swc-linux-x64-musl': [ '16.2.10' ],
144 silly audit   '@next/swc-win32-arm64-msvc': [ '16.2.10' ],
144 silly audit   '@next/swc-win32-x64-msvc': [ '16.2.10' ],
144 silly audit   '@nodelib/fs.scandir': [ '2.1.5' ],
144 silly audit   '@nodelib/fs.stat': [ '2.0.5' ],
144 silly audit   '@nodelib/fs.walk': [ '1.2.8' ],
144 silly audit   '@nolyfill/is-core-module': [ '1.0.39' ],
144 silly audit   '@rtsao/scc': [ '1.1.0' ],
144 silly audit   '@swc/helpers': [ '0.5.15' ],
144 silly audit   '@tailwindcss/node': [ '4.3.2' ],
144 silly audit   '@tailwindcss/oxide': [ '4.3.2' ],
144 silly audit   '@tailwindcss/oxide-android-arm64': [ '4.3.2' ],
144 silly audit   '@tailwindcss/oxide-darwin-arm64': [ '4.3.2' ],
144 silly audit   '@tailwindcss/oxide-darwin-x64': [ '4.3.2' ],
144 silly audit   '@tailwindcss/oxide-freebsd-x64': [ '4.3.2' ],
144 silly audit   '@tailwindcss/oxide-linux-arm-gnueabihf': [ '4.3.2' ],
144 silly audit   '@tailwindcss/oxide-linux-arm64-gnu': [ '4.3.2' ],
144 silly audit   '@tailwindcss/oxide-linux-arm64-musl': [ '4.3.2' ],
144 silly audit   '@tailwindcss/oxide-linux-x64-gnu': [ '4.3.2' ],
144 silly audit   '@tailwindcss/oxide-linux-x64-musl': [ '4.3.2' ],
144 silly audit   '@tailwindcss/oxide-wasm32-wasi': [ '4.3.2' ],
144 silly audit   '@tailwindcss/oxide-win32-arm64-msvc': [ '4.3.2' ],
144 silly audit   '@tailwindcss/oxide-win32-x64-msvc': [ '4.3.2' ],
144 silly audit   '@tailwindcss/postcss': [ '4.3.2' ],
144 silly audit   '@tybys/wasm-util': [ '0.10.3' ],
144 silly audit   '@types/estree': [ '1.0.9' ],
144 silly audit   '@types/json-schema': [ '7.0.15' ],
144 silly audit   '@types/json5': [ '0.0.29' ],
144 silly audit   '@types/node': [ '20.19.43' ],
144 silly audit   '@types/react': [ '19.2.17' ],
144 silly audit   '@types/react-dom': [ '19.2.3' ],
144 silly audit   '@typescript-eslint/eslint-plugin': [ '8.63.0' ],
144 silly audit   ignore: [ '7.0.5', '5.3.2' ],
144 silly audit   '@typescript-eslint/parser': [ '8.63.0' ],
144 silly audit   '@typescript-eslint/project-service': [ '8.63.0' ],
144 silly audit   '@typescript-eslint/scope-manager': [ '8.63.0' ],
144 silly audit   '@typescript-eslint/tsconfig-utils': [ '8.63.0' ],
144 silly audit   '@typescript-eslint/type-utils': [ '8.63.0' ],
144 silly audit   '@typescript-eslint/types': [ '8.63.0' ],
144 silly audit   '@typescript-eslint/typescript-estree': [ '8.63.0' ],
144 silly audit   'balanced-match': [ '4.0.4', '1.0.2' ],
144 silly audit   'brace-expansion': [ '5.0.7', '1.1.15' ],
144 silly audit   minimatch: [ '10.2.5', '3.1.5' ],
144 silly audit   semver: [ '7.8.5', '6.3.1' ],
144 silly audit   '@typescript-eslint/utils': [ '8.63.0' ],
144 silly audit   '@typescript-eslint/visitor-keys': [ '8.63.0' ],
144 silly audit   '@unrs/resolver-binding-android-arm-eabi': [ '1.12.2' ],
144 silly audit   '@unrs/resolver-binding-android-arm64': [ '1.12.2' ],
144 silly audit   '@unrs/resolver-binding-darwin-arm64': [ '1.12.2' ],
144 silly audit   '@unrs/resolver-binding-darwin-x64': [ '1.12.2' ],
144 silly audit   '@unrs/resolver-binding-freebsd-x64': [ '1.12.2' ],
144 silly audit   '@unrs/resolver-binding-linux-arm-gnueabihf': [ '1.12.2' ],
144 silly audit   '@unrs/resolver-binding-linux-arm-musleabihf': [ '1.12.2' ],
144 silly audit   '@unrs/resolver-binding-linux-arm64-gnu': [ '1.12.2' ],
144 silly audit   '@unrs/resolver-binding-linux-arm64-musl': [ '1.12.2' ],
144 silly audit   '@unrs/resolver-binding-linux-loong64-gnu': [ '1.12.2' ],
144 silly audit   '@unrs/resolver-binding-linux-loong64-musl': [ '1.12.2' ],
144 silly audit   '@unrs/resolver-binding-linux-ppc64-gnu': [ '1.12.2' ],
144 silly audit   '@unrs/resolver-binding-linux-riscv64-gnu': [ '1.12.2' ],
144 silly audit   '@unrs/resolver-binding-linux-riscv64-musl': [ '1.12.2' ],
144 silly audit   '@unrs/resolver-binding-linux-s390x-gnu': [ '1.12.2' ],
144 silly audit   '@unrs/resolver-binding-linux-x64-gnu': [ '1.12.2' ],
144 silly audit   '@unrs/resolver-binding-linux-x64-musl': [ '1.12.2' ],
144 silly audit   '@unrs/resolver-binding-openharmony-arm64': [ '1.12.2' ],
144 silly audit   '@unrs/resolver-binding-wasm32-wasi': [ '1.12.2' ],
144 silly audit   '@unrs/resolver-binding-win32-arm64-msvc': [ '1.12.2' ],
144 silly audit   '@unrs/resolver-binding-win32-ia32-msvc': [ '1.12.2' ],
144 silly audit   '@unrs/resolver-binding-win32-x64-msvc': [ '1.12.2' ],
144 silly audit   acorn: [ '8.17.0' ],
144 silly audit   'acorn-jsx': [ '5.3.2' ],
144 silly audit   ajv: [ '6.15.0' ],
144 silly audit   'ansi-styles': [ '4.3.0' ],
144 silly audit   argparse: [ '2.0.1' ],
144 silly audit   'aria-query': [ '5.3.2' ],
144 silly audit   'array-buffer-byte-length': [ '1.0.2' ],
144 silly audit   'array-includes': [ '3.1.9' ],
144 silly audit   'array.prototype.findlast': [ '1.2.5' ],
144 silly audit   'array.prototype.findlastindex': [ '1.2.6' ],
144 silly audit   'array.prototype.flat': [ '1.3.3' ],
144 silly audit   'array.prototype.flatmap': [ '1.3.3' ],
144 silly audit   'array.prototype.tosorted': [ '1.1.4' ],
144 silly audit   'arraybuffer.prototype.slice': [ '1.0.4' ],
144 silly audit   'ast-types-flow': [ '0.0.8' ],
144 silly audit   'async-function': [ '1.0.0' ],
144 silly audit   'available-typed-arrays': [ '1.0.7' ],
144 silly audit   'axe-core': [ '4.12.1' ],
144 silly audit   'axobject-query': [ '4.1.0' ],
144 silly audit   'baseline-browser-mapping': [ '2.10.42' ],
144 silly audit   braces: [ '3.0.3' ],
144 silly audit   browserslist: [ '4.28.5' ],
144 silly audit   'call-bind': [ '1.0.9' ],
144 silly audit   'call-bind-apply-helpers': [ '1.0.2' ],
144 silly audit   'call-bound': [ '1.0.4' ],
144 silly audit   callsites: [ '3.1.0' ],
144 silly audit   'caniuse-lite': [ '1.0.30001803' ],
144 silly audit   chalk: [ '4.1.2' ],
144 silly audit   'client-only': [ '0.0.1' ],
144 silly audit   'color-convert': [ '2.0.1' ],
144 silly audit   'color-name': [ '1.1.4' ],
144 silly audit   'concat-map': [ '0.0.1' ],
144 silly audit   'convert-source-map': [ '2.0.0' ],
144 silly audit   'cross-spawn': [ '7.0.6' ],
144 silly audit   csstype: [ '3.2.3' ],
144 silly audit   'damerau-levenshtein': [ '1.0.8' ],
144 silly audit   'data-view-buffer': [ '1.0.2' ],
144 silly audit   'data-view-byte-length': [ '1.0.2' ],
144 silly audit   'data-view-byte-offset': [ '1.0.1' ],
144 silly audit   debug: [ '4.4.3', '3.2.7' ],
144 silly audit   'deep-is': [ '0.1.4' ],
144 silly audit   'define-data-property': [ '1.1.4' ],
144 silly audit   'define-properties': [ '1.2.1' ],
144 silly audit   'detect-libc': [ '2.1.2' ],
144 silly audit   doctrine: [ '2.1.0' ],
144 silly audit   'dunder-proto': [ '1.0.1' ],
144 silly audit   'electron-to-chromium': [ '1.5.388' ],
144 silly audit   'emoji-regex': [ '9.2.2' ],
144 silly audit   'enhanced-resolve': [ '5.21.6' ],
144 silly audit   'es-abstract': [ '1.24.2' ],
144 silly audit   'es-abstract-get': [ '1.0.0' ],
144 silly audit   'es-define-property': [ '1.0.1' ],
144 silly audit   'es-errors': [ '1.3.0' ],
144 silly audit   'es-iterator-helpers': [ '1.3.3' ],
144 silly audit   'es-object-atoms': [ '1.1.2' ],
144 silly audit   'es-set-tostringtag': [ '2.1.0' ],
144 silly audit   'es-shim-unscopables': [ '1.1.0' ],
144 silly audit   'es-to-primitive': [ '1.3.4' ],
144 silly audit   escalade: [ '3.2.0' ],
144 silly audit   'escape-string-regexp': [ '4.0.0' ],
144 silly audit   eslint: [ '9.39.4' ],
144 silly audit   'eslint-config-next': [ '16.2.10' ],
144 silly audit   globals: [ '16.4.0', '14.0.0' ],
144 silly audit   'eslint-import-resolver-node': [ '0.3.10' ],
144 silly audit   'eslint-import-resolver-typescript': [ '3.10.1' ],
144 silly audit   'eslint-module-utils': [ '2.14.0' ],
144 silly audit   'eslint-plugin-import': [ '2.32.0' ],
144 silly audit   'eslint-plugin-jsx-a11y': [ '6.10.2' ],
144 silly audit   'eslint-plugin-react': [ '7.37.5' ],
144 silly audit   'eslint-plugin-react-hooks': [ '7.1.1' ],
144 silly audit   'eslint-scope': [ '8.4.0' ],
144 silly audit   espree: [ '10.4.0' ],
144 silly audit   esquery: [ '1.7.0' ],
144 silly audit   esrecurse: [ '4.3.0' ],
144 silly audit   estraverse: [ '5.3.0' ],
144 silly audit   esutils: [ '2.0.3' ],
144 silly audit   'fast-deep-equal': [ '3.1.3' ],
144 silly audit   'fast-glob': [ '3.3.1' ],
144 silly audit   'glob-parent': [ '5.1.2', '6.0.2' ],
144 silly audit   'fast-json-stable-stringify': [ '2.1.0' ],
144 silly audit   'fast-levenshtein': [ '2.0.6' ],
144 silly audit   fastq: [ '1.20.1' ],
144 silly audit   'file-entry-cache': [ '8.0.0' ],
144 silly audit   'fill-range': [ '7.1.1' ],
144 silly audit   'find-up': [ '5.0.0' ],
144 silly audit   'flat-cache': [ '4.0.1' ],
144 silly audit   flatted: [ '3.4.2' ],
144 silly audit   'for-each': [ '0.3.5' ],
144 silly audit   'function-bind': [ '1.1.2' ],
144 silly audit   'function.prototype.name': [ '1.2.0' ],
144 silly audit   'functions-have-names': [ '1.2.3' ],
144 silly audit   'generator-function': [ '2.0.1' ],
144 silly audit   gensync: [ '1.0.0-beta.2' ],
144 silly audit   'get-intrinsic': [ '1.3.0' ],
144 silly audit   'get-proto': [ '1.0.1' ],
144 silly audit   'get-symbol-description': [ '1.1.0' ],
144 silly audit   'get-tsconfig': [ '4.14.0' ],
144 silly audit   globalthis: [ '1.0.4' ],
144 silly audit   gopd: [ '1.2.0' ],
144 silly audit   'graceful-fs': [ '4.2.11' ],
144 silly audit   'has-bigints': [ '1.1.0' ],
144 silly audit   'has-flag': [ '4.0.0' ],
144 silly audit   'has-property-descriptors': [ '1.0.2' ],
144 silly audit   'has-proto': [ '1.2.0' ],
144 silly audit   'has-symbols': [ '1.1.0' ],
144 silly audit   'has-tostringtag': [ '1.0.2' ],
144 silly audit   hasown: [ '2.0.4' ],
144 silly audit   'hermes-estree': [ '0.25.1' ],
144 silly audit   'hermes-parser': [ '0.25.1' ],
144 silly audit   'import-fresh': [ '3.3.1' ],
144 silly audit   imurmurhash: [ '0.1.4' ],
144 silly audit   'internal-slot': [ '1.1.0' ],
144 silly audit   'is-array-buffer': [ '3.0.5' ],
144 silly audit   'is-async-function': [ '2.1.1' ],
144 silly audit   'is-bigint': [ '1.1.0' ],
144 silly audit   'is-boolean-object': [ '1.2.2' ],
144 silly audit   'is-bun-module': [ '2.0.0' ],
144 silly audit   'is-callable': [ '1.2.7' ],
144 silly audit   'is-core-module': [ '2.16.2' ],
144 silly audit   'is-data-view': [ '1.0.2' ],
144 silly audit   'is-date-object': [ '1.1.0' ],
144 silly audit   'is-document.all': [ '1.0.0' ],
144 silly audit   'is-extglob': [ '2.1.1' ],
144 silly audit   'is-finalizationregistry': [ '1.1.1' ],
144 silly audit   'is-generator-function': [ '1.1.2' ],
144 silly audit   'is-glob': [ '4.0.3' ],
144 silly audit   'is-map': [ '2.0.3' ],
144 silly audit   'is-negative-zero': [ '2.0.3' ],
144 silly audit   'is-number': [ '7.0.0' ],
144 silly audit   'is-number-object': [ '1.1.1' ],
144 silly audit   'is-regex': [ '1.2.1' ],
144 silly audit   'is-set': [ '2.0.3' ],
144 silly audit   'is-shared-array-buffer': [ '1.0.4' ],
144 silly audit   'is-string': [ '1.1.1' ],
144 silly audit   'is-symbol': [ '1.1.1' ],
144 silly audit   'is-typed-array': [ '1.1.15' ],
144 silly audit   'is-weakmap': [ '2.0.2' ],
144 silly audit   'is-weakref': [ '1.1.1' ],
144 silly audit   'is-weakset': [ '2.0.4' ],
144 silly audit   isarray: [ '2.0.5' ],
144 silly audit   isexe: [ '2.0.0' ],
144 silly audit   'iterator.prototype': [ '1.1.5' ],
144 silly audit   jiti: [ '2.7.0' ],
144 silly audit   'js-tokens': [ '4.0.0' ],
144 silly audit   'js-yaml': [ '4.3.0' ],
144 silly audit   jsesc: [ '3.1.0' ],
144 silly audit   'json-buffer': [ '3.0.1' ],
144 silly audit   'json-schema-traverse': [ '0.4.1' ],
144 silly audit   'json-stable-stringify-without-jsonify': [ '1.0.1' ],
144 silly audit   json5: [ '2.2.3', '1.0.2' ],
144 silly audit   'jsx-ast-utils': [ '3.3.5' ],
144 silly audit   keyv: [ '4.5.4' ],
144 silly audit   'language-subtag-registry': [ '0.3.23' ],
144 silly audit   'language-tags': [ '1.0.9' ],
144 silly audit   levn: [ '0.4.1' ],
144 silly audit   lightningcss: [ '1.32.0' ],
144 silly audit   'lightningcss-android-arm64': [ '1.32.0' ],
144 silly audit   'lightningcss-darwin-arm64': [ '1.32.0' ],
144 silly audit   'lightningcss-darwin-x64': [ '1.32.0' ],
144 silly audit   'lightningcss-freebsd-x64': [ '1.32.0' ],
144 silly audit   'lightningcss-linux-arm-gnueabihf': [ '1.32.0' ],
144 silly audit   'lightningcss-linux-arm64-gnu': [ '1.32.0' ],
144 silly audit   'lightningcss-linux-arm64-musl': [ '1.32.0' ],
144 silly audit   'lightningcss-linux-x64-gnu': [ '1.32.0' ],
144 silly audit   'lightningcss-linux-x64-musl': [ '1.32.0' ],
144 silly audit   'lightningcss-win32-arm64-msvc': [ '1.32.0' ],
144 silly audit   'lightningcss-win32-x64-msvc': [ '1.32.0' ],
144 silly audit   'locate-path': [ '6.0.0' ],
144 silly audit   'lodash.merge': [ '4.6.2' ],
144 silly audit   'loose-envify': [ '1.4.0' ],
144 silly audit   'lru-cache': [ '5.1.1' ],
144 silly audit   'magic-string': [ '0.30.21' ],
144 silly audit   'math-intrinsics': [ '1.1.0' ],
144 silly audit   merge2: [ '1.4.1' ],
144 silly audit   micromatch: [ '4.0.8' ],
144 silly audit   minimist: [ '1.2.8' ],
144 silly audit   ms: [ '2.1.3' ],
144 silly audit   nanoid: [ '3.3.15' ],
144 silly audit   'napi-postinstall': [ '0.3.4' ],
144 silly audit   'natural-compare': [ '1.4.0' ],
144 silly audit   next: [ '16.2.10' ],
144 silly audit   postcss: [ '8.4.31', '8.5.16' ],
144 silly audit   'node-exports-info': [ '1.6.2' ],
144 silly audit   'node-releases': [ '2.0.50' ],
144 silly audit   'object-assign': [ '4.1.1' ],
144 silly audit   'object-inspect': [ '1.13.4' ],
144 silly audit   'object-keys': [ '1.1.1' ],
144 silly audit   'object.assign': [ '4.1.7' ],
144 silly audit   'object.entries': [ '1.1.9' ],
144 silly audit   'object.fromentries': [ '2.0.8' ],
144 silly audit   'object.groupby': [ '1.0.3' ],
144 silly audit   'object.values': [ '1.2.1' ],
144 silly audit   optionator: [ '0.9.4' ],
144 silly audit   'own-keys': [ '1.0.1' ],
144 silly audit   'p-limit': [ '3.1.0' ],
144 silly audit   'p-locate': [ '5.0.0' ],
144 silly audit   'parent-module': [ '1.0.1' ],
144 silly audit   'path-exists': [ '4.0.0' ],
144 silly audit   'path-key': [ '3.1.1' ],
144 silly audit   'path-parse': [ '1.0.7' ],
144 silly audit   picocolors: [ '1.1.1' ],
144 silly audit   picomatch: [ '2.3.2', '4.0.5' ],
144 silly audit   'possible-typed-array-names': [ '1.1.0' ],
144 silly audit   'prelude-ls': [ '1.2.1' ],
144 silly audit   'prop-types': [ '15.8.1' ],
144 silly audit   punycode: [ '2.3.1' ],
144 silly audit   'queue-microtask': [ '1.2.3' ],
144 silly audit   react: [ '19.2.4' ],
144 silly audit   'react-dom': [ '19.2.4' ],
144 silly audit   'react-is': [ '16.13.1' ],
144 silly audit   'reflect.getprototypeof': [ '1.0.10' ],
144 silly audit   'regexp.prototype.flags': [ '1.5.4' ],
144 silly audit   resolve: [ '2.0.0-next.7' ],
144 silly audit   'resolve-from': [ '4.0.0' ],
144 silly audit   'resolve-pkg-maps': [ '1.0.0' ],
144 silly audit   reusify: [ '1.1.0' ],
144 silly audit   'run-parallel': [ '1.2.0' ],
144 silly audit   'safe-array-concat': [ '1.1.4' ],
144 silly audit   'safe-push-apply': [ '1.0.0' ],
144 silly audit   'safe-regex-test': [ '1.1.0' ],
144 silly audit   scheduler: [ '0.27.0' ],
144 silly audit   'set-function-length': [ '1.2.2' ],
144 silly audit   'set-function-name': [ '2.0.2' ],
144 silly audit   'set-proto': [ '1.0.0' ],
144 silly audit   sharp: [ '0.34.5' ],
144 silly audit   'shebang-command': [ '2.0.0' ],
144 silly audit   'shebang-regex': [ '3.0.0' ],
144 silly audit   'side-channel': [ '1.1.1' ],
144 silly audit   'side-channel-list': [ '1.0.1' ],
144 silly audit   'side-channel-map': [ '1.0.1' ],
144 silly audit   'side-channel-weakmap': [ '1.0.2' ],
144 silly audit   'source-map-js': [ '1.2.1' ],
144 silly audit   'stable-hash': [ '0.0.5' ],
144 silly audit   'stop-iteration-iterator': [ '1.1.0' ],
144 silly audit   'string.prototype.includes': [ '2.0.1' ],
144 silly audit   'string.prototype.matchall': [ '4.0.12' ],
144 silly audit   'string.prototype.repeat': [ '1.0.0' ],
144 silly audit   'string.prototype.trim': [ '1.2.11' ],
144 silly audit   'string.prototype.trimend': [ '1.0.10' ],
144 silly audit   'string.prototype.trimstart': [ '1.0.8' ],
144 silly audit   'strip-bom': [ '3.0.0' ],
144 silly audit   'strip-json-comments': [ '3.1.1' ],
144 silly audit   'styled-jsx': [ '5.1.6' ],
144 silly audit   'supports-color': [ '7.2.0' ],
144 silly audit   'supports-preserve-symlinks-flag': [ '1.0.0' ],
144 silly audit   tailwindcss: [ '4.3.2' ],
144 silly audit   tapable: [ '2.3.3' ],
144 silly audit   tinyglobby: [ '0.2.17' ],
144 silly audit   fdir: [ '6.5.0' ],
144 silly audit   'to-regex-range': [ '5.0.1' ],
144 silly audit   'ts-api-utils': [ '2.5.0' ],
144 silly audit   'tsconfig-paths': [ '3.15.0' ],
144 silly audit   tslib: [ '2.8.1' ],
144 silly audit   'type-check': [ '0.4.0' ],
144 silly audit   'typed-array-buffer': [ '1.0.3' ],
144 silly audit   'typed-array-byte-length': [ '1.0.3' ],
144 silly audit   'typed-array-byte-offset': [ '1.0.4' ],
144 silly audit   'typed-array-length': [ '1.0.8' ],
144 silly audit   typescript: [ '5.9.3' ],
144 silly audit   'typescript-eslint': [ '8.63.0' ],
144 silly audit   'unbox-primitive': [ '1.1.0' ],
144 silly audit   'undici-types': [ '6.21.0' ],
144 silly audit   'unrs-resolver': [ '1.12.2' ],
144 silly audit   'update-browserslist-db': [ '1.2.3' ],
144 silly audit   'uri-js': [ '4.4.1' ],
144 silly audit   which: [ '2.0.2' ],
144 silly audit   'which-boxed-primitive': [ '1.1.1' ],
144 silly audit   'which-builtin-type': [ '1.2.1' ],
144 silly audit   'which-collection': [ '1.0.2' ],
144 silly audit   'which-typed-array': [ '1.1.22' ],
144 silly audit   'word-wrap': [ '1.2.5' ],
144 silly audit   yallist: [ '3.1.1' ],
144 silly audit   'yocto-queue': [ '0.1.0' ],
144 silly audit   zod: [ '4.4.3' ],
144 silly audit   'zod-validation-error': [ '4.0.2' ],
144 silly audit   'html2pdf.js': [ '0.14.0' ],
144 silly audit   dompurify: [ '3.4.11' ],
144 silly audit   html2canvas: [ '1.4.1' ],
144 silly audit   jspdf: [ '4.2.1' ],
144 silly audit   '@types/trusted-types': [ '2.0.7' ],
144 silly audit   'css-line-break': [ '2.1.0' ],
144 silly audit   'text-segmentation': [ '1.0.3' ],
144 silly audit   utrie: [ '1.0.2' ],
144 silly audit   '@babel/runtime': [ '7.29.7' ],
144 silly audit   canvg: [ '3.0.11' ],
144 silly audit   'core-js': [ '3.49.0' ],
144 silly audit   'fast-png': [ '6.4.0' ],
144 silly audit   fflate: [ '0.8.3' ],
144 silly audit   '@types/raf': [ '3.4.3' ],
144 silly audit   raf: [ '3.4.1' ],
144 silly audit   'regenerator-runtime': [ '0.13.11' ],
144 silly audit   rgbcolor: [ '1.0.1' ],
144 silly audit   'stackblur-canvas': [ '2.7.0' ],
144 silly audit   'svg-pathdata': [ '6.0.3' ],
144 silly audit   '@types/pako': [ '2.0.4' ],
144 silly audit   iobuffer: [ '5.4.0' ],
144 silly audit   pako: [ '2.2.0' ],
144 silly audit   'performance-now': [ '2.1.0' ],
144 silly audit   'base64-arraybuffer': [ '1.0.2' ]
144 silly audit }
145 http cache base64-arraybuffer@https://registry.npmjs.org/base64-arraybuffer/-/base64-arraybuffer-1.0.2.tgz 0ms (cache hit)
146 http cache performance-now@https://registry.npmjs.org/performance-now/-/performance-now-2.1.0.tgz 0ms (cache hit)
147 http cache pako@https://registry.npmjs.org/pako/-/pako-2.2.0.tgz 0ms (cache hit)
148 http cache @types/pako@https://registry.npmjs.org/@types/pako/-/pako-2.0.4.tgz 0ms (cache hit)
149 http cache iobuffer@https://registry.npmjs.org/iobuffer/-/iobuffer-5.4.0.tgz 0ms (cache hit)
150 http cache stackblur-canvas@https://registry.npmjs.org/stackblur-canvas/-/stackblur-canvas-2.7.0.tgz 0ms (cache hit)
151 http cache svg-pathdata@https://registry.npmjs.org/svg-pathdata/-/svg-pathdata-6.0.3.tgz 0ms (cache hit)
152 http cache rgbcolor@https://registry.npmjs.org/rgbcolor/-/rgbcolor-1.0.1.tgz 0ms (cache hit)
153 http cache regenerator-runtime@https://registry.npmjs.org/regenerator-runtime/-/regenerator-runtime-0.13.11.tgz 0ms (cache hit)
154 http cache @types/raf@https://registry.npmjs.org/@types/raf/-/raf-3.4.3.tgz 0ms (cache hit)
155 http cache raf@https://registry.npmjs.org/raf/-/raf-3.4.1.tgz 0ms (cache hit)
156 http cache fflate@https://registry.npmjs.org/fflate/-/fflate-0.8.3.tgz 0ms (cache hit)
157 http cache fast-png@https://registry.npmjs.org/fast-png/-/fast-png-6.4.0.tgz 0ms (cache hit)
158 http cache core-js@https://registry.npmjs.org/core-js/-/core-js-3.49.0.tgz 0ms (cache hit)
159 http cache canvg@https://registry.npmjs.org/canvg/-/canvg-3.0.11.tgz 0ms (cache hit)
160 http cache @babel/runtime@https://registry.npmjs.org/@babel/runtime/-/runtime-7.29.7.tgz 0ms (cache hit)
161 http cache utrie@https://registry.npmjs.org/utrie/-/utrie-1.0.2.tgz 0ms (cache hit)
162 http cache text-segmentation@https://registry.npmjs.org/text-segmentation/-/text-segmentation-1.0.3.tgz 0ms (cache hit)
163 http cache css-line-break@https://registry.npmjs.org/css-line-break/-/css-line-break-2.1.0.tgz 0ms (cache hit)
164 http cache @types/trusted-types@https://registry.npmjs.org/@types/trusted-types/-/trusted-types-2.0.7.tgz 0ms (cache hit)
165 http cache jspdf@https://registry.npmjs.org/jspdf/-/jspdf-4.2.1.tgz 0ms (cache hit)
166 http cache html2canvas@https://registry.npmjs.org/html2canvas/-/html2canvas-1.4.1.tgz 0ms (cache hit)
167 http cache dompurify@https://registry.npmjs.org/dompurify/-/dompurify-3.4.11.tgz 0ms (cache hit)
168 http cache html2pdf.js@https://registry.npmjs.org/html2pdf.js/-/html2pdf.js-0.14.0.tgz 0ms (cache hit)
169 silly tarball no local data for base64-arraybuffer@https://registry.npmjs.org/base64-arraybuffer/-/base64-arraybuffer-1.0.2.tgz. Extracting by manifest.
170 silly tarball no local data for performance-now@https://registry.npmjs.org/performance-now/-/performance-now-2.1.0.tgz. Extracting by manifest.
171 silly tarball no local data for pako@https://registry.npmjs.org/pako/-/pako-2.2.0.tgz. Extracting by manifest.
172 silly tarball no local data for @types/pako@https://registry.npmjs.org/@types/pako/-/pako-2.0.4.tgz. Extracting by manifest.
173 silly tarball no local data for iobuffer@https://registry.npmjs.org/iobuffer/-/iobuffer-5.4.0.tgz. Extracting by manifest.
174 silly tarball no local data for stackblur-canvas@https://registry.npmjs.org/stackblur-canvas/-/stackblur-canvas-2.7.0.tgz. Extracting by manifest.
175 silly tarball no local data for svg-pathdata@https://registry.npmjs.org/svg-pathdata/-/svg-pathdata-6.0.3.tgz. Extracting by manifest.
176 silly tarball no local data for rgbcolor@https://registry.npmjs.org/rgbcolor/-/rgbcolor-1.0.1.tgz. Extracting by manifest.
177 silly tarball no local data for regenerator-runtime@https://registry.npmjs.org/regenerator-runtime/-/regenerator-runtime-0.13.11.tgz. Extracting by manifest.
178 silly tarball no local data for @types/raf@https://registry.npmjs.org/@types/raf/-/raf-3.4.3.tgz. Extracting by manifest.
179 silly tarball no local data for raf@https://registry.npmjs.org/raf/-/raf-3.4.1.tgz. Extracting by manifest.
180 silly tarball no local data for fflate@https://registry.npmjs.org/fflate/-/fflate-0.8.3.tgz. Extracting by manifest.
181 silly tarball no local data for fast-png@https://registry.npmjs.org/fast-png/-/fast-png-6.4.0.tgz. Extracting by manifest.
182 silly tarball no local data for core-js@https://registry.npmjs.org/core-js/-/core-js-3.49.0.tgz. Extracting by manifest.
183 silly tarball no local data for canvg@https://registry.npmjs.org/canvg/-/canvg-3.0.11.tgz. Extracting by manifest.
184 silly tarball no local data for @babel/runtime@https://registry.npmjs.org/@babel/runtime/-/runtime-7.29.7.tgz. Extracting by manifest.
185 silly tarball no local data for utrie@https://registry.npmjs.org/utrie/-/utrie-1.0.2.tgz. Extracting by manifest.
186 silly tarball no local data for text-segmentation@https://registry.npmjs.org/text-segmentation/-/text-segmentation-1.0.3.tgz. Extracting by manifest.
187 silly tarball no local data for css-line-break@https://registry.npmjs.org/css-line-break/-/css-line-break-2.1.0.tgz. Extracting by manifest.
188 silly tarball no local data for @types/trusted-types@https://registry.npmjs.org/@types/trusted-types/-/trusted-types-2.0.7.tgz. Extracting by manifest.
189 silly tarball no local data for jspdf@https://registry.npmjs.org/jspdf/-/jspdf-4.2.1.tgz. Extracting by manifest.
190 silly tarball no local data for html2canvas@https://registry.npmjs.org/html2canvas/-/html2canvas-1.4.1.tgz. Extracting by manifest.
191 silly tarball no local data for dompurify@https://registry.npmjs.org/dompurify/-/dompurify-3.4.11.tgz. Extracting by manifest.
192 silly tarball no local data for html2pdf.js@https://registry.npmjs.org/html2pdf.js/-/html2pdf.js-0.14.0.tgz. Extracting by manifest.
193 http fetch POST 200 https://registry.npmjs.org/-/npm/v1/security/advisories/bulk 352ms
194 silly audit report {
194 silly audit report   postcss: [
194 silly audit report     {
194 silly audit report       id: 1117015,
194 silly audit report       url: 'https://github.com/advisories/GHSA-qx2v-qp2m-jg93',
194 silly audit report       title: 'PostCSS has XSS via Unescaped </style> in its CSS Stringify Output',
194 silly audit report       severity: 'moderate',
194 silly audit report       vulnerable_versions: '<8.5.10',
194 silly audit report       cwe: [Array],
194 silly audit report       cvss: [Object]
194 silly audit report     }
194 silly audit report   ]
194 silly audit report }
195 silly packumentCache corgi:https://registry.npmjs.org/postcss cache-miss
196 http fetch GET 200 https://registry.npmjs.org/@types/pako/-/pako-2.0.4.tgz 880ms (cache miss)
197 http fetch GET 200 https://registry.npmjs.org/base64-arraybuffer/-/base64-arraybuffer-1.0.2.tgz 892ms (cache miss)
198 http fetch GET 200 https://registry.npmjs.org/@types/trusted-types/-/trusted-types-2.0.7.tgz 863ms (cache miss)
199 http fetch GET 200 https://registry.npmjs.org/@types/raf/-/raf-3.4.3.tgz 920ms (cache miss)
200 http fetch GET 200 https://registry.npmjs.org/rgbcolor/-/rgbcolor-1.0.1.tgz 989ms (cache miss)
201 http fetch GET 200 https://registry.npmjs.org/raf/-/raf-3.4.1.tgz 1165ms (cache miss)
202 http fetch GET 200 https://registry.npmjs.org/regenerator-runtime/-/regenerator-runtime-0.13.11.tgz 1264ms (cache miss)
203 http fetch GET 200 https://registry.npmjs.org/postcss 1426ms (cache miss)
204 silly packumentCache corgi:https://registry.npmjs.org/postcss set size:undefined disposed:false
205 silly packumentCache corgi:https://registry.npmjs.org/next cache-miss
206 http fetch GET 200 https://registry.npmjs.org/iobuffer/-/iobuffer-5.4.0.tgz 3193ms (cache miss)
207 http fetch GET 200 https://registry.npmjs.org/performance-now/-/performance-now-2.1.0.tgz 3506ms (cache miss)
208 http fetch GET 200 https://registry.npmjs.org/stackblur-canvas/-/stackblur-canvas-2.7.0.tgz 3511ms (cache miss)
209 http fetch GET 200 https://registry.npmjs.org/text-segmentation/-/text-segmentation-1.0.3.tgz 4392ms (cache miss)
210 http fetch GET 200 https://registry.npmjs.org/utrie/-/utrie-1.0.2.tgz 4479ms (cache miss)
211 http fetch GET 200 https://registry.npmjs.org/svg-pathdata/-/svg-pathdata-6.0.3.tgz 4972ms (cache miss)
212 http fetch GET 200 https://registry.npmjs.org/css-line-break/-/css-line-break-2.1.0.tgz 4949ms (cache miss)
213 http fetch GET 200 https://registry.npmjs.org/fflate/-/fflate-0.8.3.tgz 5432ms (cache miss)
214 http fetch GET 200 https://registry.npmjs.org/dompurify/-/dompurify-3.4.11.tgz 6196ms (cache miss)
215 http fetch GET 200 https://registry.npmjs.org/pako/-/pako-2.2.0.tgz 7620ms (cache miss)
216 http fetch GET 200 https://registry.npmjs.org/fast-png/-/fast-png-6.4.0.tgz 7974ms (cache miss)
217 http fetch GET 200 https://registry.npmjs.org/html2pdf.js/-/html2pdf.js-0.14.0.tgz 8088ms (cache miss)
218 http fetch GET 200 https://registry.npmjs.org/canvg/-/canvg-3.0.11.tgz 9121ms (cache miss)
219 http fetch GET 200 https://registry.npmjs.org/next 6670ms (cache miss)
220 silly packumentCache corgi:https://registry.npmjs.org/next set size:undefined disposed:false
221 http fetch GET 200 https://registry.npmjs.org/jspdf/-/jspdf-4.2.1.tgz 11544ms (cache miss)
222 http fetch GET 200 https://registry.npmjs.org/@babel/runtime/-/runtime-7.29.7.tgz 11876ms (cache miss)
223 http fetch GET 200 https://registry.npmjs.org/html2canvas/-/html2canvas-1.4.1.tgz 14097ms (cache miss)
224 http fetch GET 200 https://registry.npmjs.org/core-js/-/core-js-3.49.0.tgz 30688ms (cache miss)
225 info run core-js@3.49.0 postinstall node_modules/core-js node -e "try{require('./postinstall')}catch(e){}"
226 info run core-js@3.49.0 postinstall { code: 0, signal: null }
227 silly ADD node_modules/base64-arraybuffer
228 silly ADD node_modules/performance-now
229 silly ADD node_modules/pako
230 silly ADD node_modules/iobuffer
231 silly ADD node_modules/@types/pako
232 silly ADD node_modules/svg-pathdata
233 silly ADD node_modules/stackblur-canvas
234 silly ADD node_modules/rgbcolor
235 silly ADD node_modules/regenerator-runtime
236 silly ADD node_modules/raf
237 silly ADD node_modules/@types/raf
238 silly ADD node_modules/fflate
239 silly ADD node_modules/fast-png
240 silly ADD node_modules/core-js
241 silly ADD node_modules/canvg
242 silly ADD node_modules/@babel/runtime
243 silly ADD node_modules/utrie
244 silly ADD node_modules/text-segmentation
245 silly ADD node_modules/css-line-break
246 silly ADD node_modules/@types/trusted-types
247 silly ADD node_modules/jspdf
248 silly ADD node_modules/html2canvas
249 silly ADD node_modules/dompurify
250 silly ADD node_modules/html2pdf.js
251 warn allow-scripts 3 packages have install scripts not yet covered by allowScripts:
251 warn allow-scripts   sharp@0.34.5 (install: (install scripts present))
251 warn allow-scripts   unrs-resolver@1.12.2 (install: (install scripts present))
251 warn allow-scripts   core-js@3.49.0 (postinstall: node -e "try{require('./postinstall')}catch(e){}")
251 warn allow-scripts
251 warn allow-scripts Run `npm approve-scripts --allow-scripts-pending` to review, or `npm approve-scripts <pkg>` to allow.
252 verbose cwd E:\rotary-os\app
253 verbose os Windows_NT 10.0.19045
254 verbose node v24.18.0
255 verbose npm  v11.16.0
256 notice
256 notice New minor version of npm available! 11.16.0 -> 11.18.0
256 notice Changelog: https://github.com/npm/cli/releases/tag/v11.18.0
256 notice To update run: npm install -g npm@11.18.0
256 notice  { force: true, Symbol(proc-log.meta): true }
257 verbose exit 0
258 info ok
